[2019-06-14 14:37:26][DEBUG][WARNING] : [Declaration of App\HttpController\Index::onRequest(string $action): ?bool should be compatible with EasySwoole\Http\AbstractInterface\Controller::onRequest(?string $action): ?bool at file:/www/wwwroot/ims.billeslook.com/App/HttpController/Index.php line:6]
[2019-06-14 14:49:52][DEBUG][WARNING] : [Declaration of App\HttpController\Index::onRequest(string $action): ?bool should be compatible with EasySwoole\Http\AbstractInterface\Controller::onRequest(?string $action): ?bool at file:/www/wwwroot/ims.billeslook.com/App/HttpController/Index.php line:6]
[2019-06-14 14:50:44][DEBUG][WARNING] : [Declaration of App\HttpController\Index::onRequest(string $action): ?bool should be compatible with EasySwoole\Http\AbstractInterface\Controller::onRequest(?string $action): ?bool at file:/www/wwwroot/ims.billeslook.com/App/HttpController/Index.php line:6]
[2019-06-19 12:45:07][DEBUG][ERROR] : [Uncaught Swoole\Exception: failed to listen server port[0.0.0.0:9501], Error: Address already in use[98] in /www/wwwroot/ims.billeslook.com/vendor/easyswoole/easyswoole/src/ServerManager.php:56
Stack trace:
#0 /www/wwwroot/ims.billeslook.com/vendor/easyswoole/easyswoole/src/ServerManager.php(56): Swoole\Server->__construct('0.0.0.0', 9501, 2, 1)
#1 /www/wwwroot/ims.billeslook.com/vendor/easyswoole/easyswoole/src/Core.php(117): EasySwoole\EasySwoole\ServerManager->createSwooleServer(9501, 2, '0.0.0.0', Array, 2, 1)
#2 /www/wwwroot/ims.billeslook.com/vendor/easyswoole/easyswoole/src/Command/DefaultCommand/Start.php(42): EasySwoole\EasySwoole\Core->createServer()
#3 /www/wwwroot/ims.billeslook.com/vendor/easyswoole/easyswoole/src/Command/CommandContainer.php(44): EasySwoole\EasySwoole\Command\DefaultCommand\Start->exec(Array)
#4 /www/wwwroot/ims.billeslook.com/vendor/easyswoole/easyswoole/src/Command/CommandRunner.php(52): EasySwoole\EasySwoole\Command\CommandContainer->hook('start', Array)
#5 /www/wwwroot/ims.b at file:/www/wwwroot/ims.billeslook.com/vendor/easyswoole/easyswoole/src/ServerManager.php line:56]
[2019-06-19 12:45:42][DEBUG][ERROR] : [Class 'BaseModel' not found at file:/www/wwwroot/ims.billeslook.com/App/Model/IpWhiteListModel.php line:9]
[2019-06-19 12:46:56][DEBUG][ERROR] : [Call to protected App\Model\IpWhiteListModel::__construct() from context 'App\HttpController\Api\Index' at file:/www/wwwroot/ims.billeslook.com/App/HttpController/Api/Index.php line:12]
[2019-06-19 12:48:11][DEBUG][ERROR] : [Class 'App\Model\Mysqli' not found at file:/www/wwwroot/ims.billeslook.com/App/Model/BaseModel.php line:21]
[2019-06-19 12:49:17][DEBUG][ERROR] : [Class 'EasySwoole\Mysqli' not found at file:/www/wwwroot/ims.billeslook.com/App/Model/BaseModel.php line:22]
[2019-06-19 12:50:53][DEBUG][ERROR] : [Class 'EasySwoole\Mysqli' not found at file:/www/wwwroot/ims.billeslook.com/App/Model/BaseModel.php line:20]
[2019-06-19 12:59:44][DEBUG][WARNING] : [mysqli::__construct(): php_network_getaddresses: getaddrinfo failed: Name or service not known at file:/www/wwwroot/ims.billeslook.com/App/Model/BaseModel.php line:20]
[2019-06-19 12:59:44][DEBUG][WARNING] : [mysqli::__construct(): (HY000/2002): php_network_getaddresses: getaddrinfo failed: Name or service not known at file:/www/wwwroot/ims.billeslook.com/App/Model/BaseModel.php line:20]
[2019-06-19 12:59:44][DEBUG][ERROR] : [Return value of App\Model\BaseModel::getDb() must be an instance of App\Model\Mysqli, instance of mysqli returned at file:/www/wwwroot/ims.billeslook.com/App/Model/BaseModel.php line:20]
[2019-06-19 13:00:20][DEBUG][WARNING] : [mysqli::__construct(): php_network_getaddresses: getaddrinfo failed: Name or service not known at file:/www/wwwroot/ims.billeslook.com/App/Model/BaseModel.php line:20]
[2019-06-19 13:00:20][DEBUG][WARNING] : [mysqli::__construct(): (HY000/2002): php_network_getaddresses: getaddrinfo failed: Name or service not known at file:/www/wwwroot/ims.billeslook.com/App/Model/BaseModel.php line:20]
[2019-06-19 13:00:20][DEBUG][ERROR] : [Return value of App\Model\BaseModel::getDb() must be an instance of App\Model\mysqli, instance of mysqli returned at file:/www/wwwroot/ims.billeslook.com/App/Model/BaseModel.php line:20]
[2019-06-19 13:00:58][DEBUG][WARNING] : [mysqli::__construct(): php_network_getaddresses: getaddrinfo failed: Name or service not known at file:/www/wwwroot/ims.billeslook.com/App/Model/BaseModel.php line:20]
[2019-06-19 13:00:58][DEBUG][WARNING] : [mysqli::__construct(): (HY000/2002): php_network_getaddresses: getaddrinfo failed: Name or service not known at file:/www/wwwroot/ims.billeslook.com/App/Model/BaseModel.php line:20]
[2019-06-19 13:00:58][DEBUG][ERROR] : [Call to undefined function App\Model\dump() at file:/www/wwwroot/ims.billeslook.com/App/Model/IpWhiteListModel.php line:20]
[2019-06-19 13:01:23][DEBUG][WARNING] : [mysqli::__construct(): php_network_getaddresses: getaddrinfo failed: Name or service not known at file:/www/wwwroot/ims.billeslook.com/App/Model/BaseModel.php line:20]
[2019-06-19 13:01:23][DEBUG][WARNING] : [mysqli::__construct(): (HY000/2002): php_network_getaddresses: getaddrinfo failed: Name or service not known at file:/www/wwwroot/ims.billeslook.com/App/Model/BaseModel.php line:20]
[2019-06-19 13:01:23][DEBUG][ERROR] : [Call to undefined method mysqli::get() at file:/www/wwwroot/ims.billeslook.com/App/Model/IpWhiteListModel.php line:20]
[2019-06-19 13:02:17][DEBUG][WARNING] : [mysqli::__construct(): php_network_getaddresses: getaddrinfo failed: Name or service not known at file:/www/wwwroot/ims.billeslook.com/App/Model/BaseModel.php line:21]
[2019-06-19 13:02:17][DEBUG][WARNING] : [mysqli::__construct(): (HY000/2002): php_network_getaddresses: getaddrinfo failed: Name or service not known at file:/www/wwwroot/ims.billeslook.com/App/Model/BaseModel.php line:21]
[2019-06-19 13:02:17][DEBUG][ERROR] : [Call to undefined method mysqli::get() at file:/www/wwwroot/ims.billeslook.com/App/Model/IpWhiteListModel.php line:20]
[2019-06-19 13:02:18][DEBUG][WARNING] : [mysqli::__construct(): php_network_getaddresses: getaddrinfo failed: Name or service not known at file:/www/wwwroot/ims.billeslook.com/App/Model/BaseModel.php line:21]
[2019-06-19 13:02:18][DEBUG][WARNING] : [mysqli::__construct(): (HY000/2002): php_network_getaddresses: getaddrinfo failed: Name or service not known at file:/www/wwwroot/ims.billeslook.com/App/Model/BaseModel.php line:21]
[2019-06-19 13:02:18][DEBUG][ERROR] : [Call to undefined method mysqli::get() at file:/www/wwwroot/ims.billeslook.com/App/Model/IpWhiteListModel.php line:20]
[2019-06-19 13:13:25][DEBUG][ERROR] : [Call to undefined method EasySwoole\Http\Response::writeJson() at file:/www/wwwroot/ims.billeslook.com/App/HttpController/Api/Index.php line:14]
[2019-06-19 14:27:54][DEBUG][ERROR] : [syntax error, unexpected '$ipNum' (T_VARIABLE) at file:/www/wwwroot/ims.billeslook.com/App/HttpController/BaseController.php line:60]
[2019-06-19 16:13:25][DEBUG][ERROR] : [syntax error, unexpected '；' (T_STRING) at file:/www/wwwroot/ims.billeslook.com/App/HttpController/Admin/IpWhiteList.php line:15]
[2019-06-19 16:13:47][DEBUG][ERROR] : [syntax error, unexpected '；' (T_STRING) at file:/www/wwwroot/ims.billeslook.com/App/HttpController/Admin/IpWhiteList.php line:15]
[2019-06-20 11:11:01][DEBUG][ERROR] : [Uncaught Swoole\Exception: failed to listen server port[0.0.0.0:9501], Error: Address already in use[98] in /www/wwwroot/ims.billeslook.com/vendor/easyswoole/easyswoole/src/ServerManager.php:56
Stack trace:
#0 /www/wwwroot/ims.billeslook.com/vendor/easyswoole/easyswoole/src/ServerManager.php(56): Swoole\Server->__construct('0.0.0.0', 9501, 2, 1)
#1 /www/wwwroot/ims.billeslook.com/vendor/easyswoole/easyswoole/src/Core.php(117): EasySwoole\EasySwoole\ServerManager->createSwooleServer(9501, 2, '0.0.0.0', Array, 2, 1)
#2 /www/wwwroot/ims.billeslook.com/vendor/easyswoole/easyswoole/src/Command/DefaultCommand/Start.php(42): EasySwoole\EasySwoole\Core->createServer()
#3 /www/wwwroot/ims.billeslook.com/vendor/easyswoole/easyswoole/src/Command/CommandContainer.php(44): EasySwoole\EasySwoole\Command\DefaultCommand\Start->exec(Array)
#4 /www/wwwroot/ims.billeslook.com/vendor/easyswoole/easyswoole/src/Command/CommandRunner.php(52): EasySwoole\EasySwoole\Command\CommandContainer->hook('start', Array)
#5 /www/wwwroot/ims.b at file:/www/wwwroot/ims.billeslook.com/vendor/easyswoole/easyswoole/src/ServerManager.php line:56]
