[2019-06-14 19:04:20 *6331.5]	WARNING	swSignalfd_onSignal (ERRNO 707): Unable to find callback function for signal Hangup: 1
[2019-06-14 19:04:20 *6331.5]	WARNING	swSignalfd_onSignal (ERRNO 707): Unable to find callback function for signal Hangup: 1
[2019-06-14 19:04:20 *6333.7]	WARNING	swSignalfd_onSignal (ERRNO 707): Unable to find callback function for signal Hangup: 1
[2019-06-14 19:04:20 *6326.0]	WARNING	swSignalfd_onSignal (ERRNO 707): Unable to find callback function for signal Hangup: 1
[2019-06-14 19:04:20 *6332.6]	WARNING	swSignalfd_onSignal (ERRNO 707): Unable to find callback function for signal Hangup: 1
[2019-06-14 19:04:20 ^6325.15]	WARNING	swSignalfd_onSignal (ERRNO 707): Unable to find callback function for signal Hangup: 1
[2019-06-14 19:04:20 *6327.1]	WARNING	swSignalfd_onSignal (ERRNO 707): Unable to find callback function for signal Hangup: 1
[2019-06-14 19:04:20 ^6324.14]	WARNING	swSignalfd_onSignal (ERRNO 707): Unable to find callback function for signal Hangup: 1
[2019-06-14 19:04:20 ^6323.13]	WARNING	swSignalfd_onSignal (ERRNO 707): Unable to find callback function for signal Hangup: 1
[2019-06-14 19:04:20 ^6322.12]	WARNING	swSignalfd_onSignal (ERRNO 707): Unable to find callback function for signal Hangup: 1
[2019-06-14 19:04:20 ^6321.11]	WARNING	swSignalfd_onSignal (ERRNO 707): Unable to find callback function for signal Hangup: 1
[2019-06-14 19:04:20 ^6320.10]	WARNING	swSignalfd_onSignal (ERRNO 707): Unable to find callback function for signal Hangup: 1
[2019-06-14 19:04:20 ^6319.9]	WARNING	swSignalfd_onSignal (ERRNO 707): Unable to find callback function for signal Hangup: 1
[2019-06-14 19:04:20 $6315.0]	WARNING	swSignal_callback (ERRNO 707): Unable to find callback function for signal Hangup: 1
[2019-06-14 19:04:20 *6329.3]	WARNING	swSignalfd_onSignal (ERRNO 707): Unable to find callback function for signal Hangup: 1
[2019-06-14 19:04:20 ^6318.8]	WARNING	swSignalfd_onSignal (ERRNO 707): Unable to find callback function for signal Hangup: 1
[2019-06-14 19:04:20 #6314.2]	WARNING	swSignalfd_onSignal (ERRNO 707): Unable to find callback function for signal Hangup: 1
[2019-06-14 19:04:20 *6330.4]	WARNING	swSignalfd_onSignal (ERRNO 707): Unable to find callback function for signal Hangup: 1
[2019-06-14 19:04:20 *6328.2]	WARNING	swSignalfd_onSignal (ERRNO 707): Unable to find callback function for signal Hangup: 1
[2019-06-19 12:45:27 #6314.2]	INFO	Server is shutdown now
[2019-06-19 13:28:47 $12325.0]	WARNING	swManager_check_exit_status: worker#1[pid=12337] abnormal exit, status=255, signal=0
[2019-06-19 13:29:44 $12426.0]	WARNING	swManager_check_exit_status: worker#1[pid=12438] abnormal exit, status=255, signal=0
[2019-06-19 18:09:57 *20557.7]	WARNING	swSignalfd_onSignal (ERRNO 707): Unable to find callback function for signal Hangup: 1
[2019-06-19 18:09:57 *20557.7]	WARNING	swSignalfd_onSignal (ERRNO 707): Unable to find callback function for signal Hangup: 1
[2019-06-19 18:09:57 *20556.6]	WARNING	swSignalfd_onSignal (ERRNO 707): Unable to find callback function for signal Hangup: 1
[2019-06-19 18:09:57 *20551.1]	WARNING	swSignalfd_onSignal (ERRNO 707): Unable to find callback function for signal Hangup: 1
[2019-06-19 18:09:57 *20555.5]	WARNING	swSignalfd_onSignal (ERRNO 707): Unable to find callback function for signal Hangup: 1
[2019-06-19 18:09:57 ^20545.11]	WARNING	swSignalfd_onSignal (ERRNO 707): Unable to find callback function for signal Hangup: 1
[2019-06-19 18:09:57 *20553.3]	WARNING	swSignalfd_onSignal (ERRNO 707): Unable to find callback function for signal Hangup: 1
[2019-06-19 18:09:57 ^20543.9]	WARNING	swSignalfd_onSignal (ERRNO 707): Unable to find callback function for signal Hangup: 1
[2019-06-19 18:09:57 ^20548.14]	WARNING	swSignalfd_onSignal (ERRNO 707): Unable to find callback function for signal Hangup: 1
[2019-06-19 18:09:57 $20539.0]	WARNING	swSignal_callback (ERRNO 707): Unable to find callback function for signal Hangup: 1
[2019-06-19 18:09:57 *20550.0]	WARNING	swSignalfd_onSignal (ERRNO 707): Unable to find callback function for signal Hangup: 1
[2019-06-19 18:09:57 ^20546.12]	WARNING	swSignalfd_onSignal (ERRNO 707): Unable to find callback function for signal Hangup: 1
[2019-06-19 18:09:57 ^20542.8]	WARNING	swSignalfd_onSignal (ERRNO 707): Unable to find callback function for signal Hangup: 1
[2019-06-19 18:09:57 ^20544.10]	WARNING	swSignalfd_onSignal (ERRNO 707): Unable to find callback function for signal Hangup: 1
[2019-06-19 18:09:57 *20552.2]	WARNING	swSignalfd_onSignal (ERRNO 707): Unable to find callback function for signal Hangup: 1
[2019-06-19 18:09:57 ^20547.13]	WARNING	swSignalfd_onSignal (ERRNO 707): Unable to find callback function for signal Hangup: 1
[2019-06-19 18:09:57 #20538.2]	WARNING	swSignalfd_onSignal (ERRNO 707): Unable to find callback function for signal Hangup: 1
[2019-06-19 18:09:57 *20554.4]	WARNING	swSignalfd_onSignal (ERRNO 707): Unable to find callback function for signal Hangup: 1
[2019-06-19 18:09:57 ^20549.15]	WARNING	swSignalfd_onSignal (ERRNO 707): Unable to find callback function for signal Hangup: 1
[2019-06-20 11:11:13 $20539.0]	INFO	Server is reloading task workers now
[2019-06-20 11:11:22 #20538.2]	INFO	Server is shutdown now
[2019-06-20 18:10:16 *30766.7]	WARNING	swSignalfd_onSignal (ERRNO 707): Unable to find callback function for signal Hangup: 1
[2019-06-20 18:10:16 *30766.7]	WARNING	swSignalfd_onSignal (ERRNO 707): Unable to find callback function for signal Hangup: 1
[2019-06-20 18:10:16 *30760.1]	WARNING	swSignalfd_onSignal (ERRNO 707): Unable to find callback function for signal Hangup: 1
[2019-06-20 18:10:16 *30764.5]	WARNING	swSignalfd_onSignal (ERRNO 707): Unable to find callback function for signal Hangup: 1
[2019-06-20 18:10:16 ^30758.15]	WARNING	swSignalfd_onSignal (ERRNO 707): Unable to find callback function for signal Hangup: 1
[2019-06-20 18:10:16 *30762.3]	WARNING	swSignalfd_onSignal (ERRNO 707): Unable to find callback function for signal Hangup: 1
[2019-06-20 18:10:16 ^30756.13]	WARNING	swSignalfd_onSignal (ERRNO 707): Unable to find callback function for signal Hangup: 1
[2019-06-20 18:10:16 ^30754.11]	WARNING	swSignalfd_onSignal (ERRNO 707): Unable to find callback function for signal Hangup: 1
[2019-06-20 18:10:16 $30748.0]	WARNING	swSignal_callback (ERRNO 707): Unable to find callback function for signal Hangup: 1
[2019-06-20 18:10:16 ^30757.14]	WARNING	swSignalfd_onSignal (ERRNO 707): Unable to find callback function for signal Hangup: 1
[2019-06-20 18:10:16 ^30755.12]	WARNING	swSignalfd_onSignal (ERRNO 707): Unable to find callback function for signal Hangup: 1
[2019-06-20 18:10:16 *30759.0]	WARNING	swSignalfd_onSignal (ERRNO 707): Unable to find callback function for signal Hangup: 1
[2019-06-20 18:10:16 ^30752.9]	WARNING	swSignalfd_onSignal (ERRNO 707): Unable to find callback function for signal Hangup: 1
[2019-06-20 18:10:16 *30761.2]	WARNING	swSignalfd_onSignal (ERRNO 707): Unable to find callback function for signal Hangup: 1
[2019-06-20 18:10:16 *30763.4]	WARNING	swSignalfd_onSignal (ERRNO 707): Unable to find callback function for signal Hangup: 1
[2019-06-20 18:10:16 ^30753.10]	WARNING	swSignalfd_onSignal (ERRNO 707): Unable to find callback function for signal Hangup: 1
[2019-06-20 18:10:16 ^30751.8]	WARNING	swSignalfd_onSignal (ERRNO 707): Unable to find callback function for signal Hangup: 1
[2019-06-20 18:10:16 *30765.6]	WARNING	swSignalfd_onSignal (ERRNO 707): Unable to find callback function for signal Hangup: 1
[2019-06-20 18:10:16 #30747.2]	WARNING	swSignalfd_onSignal (ERRNO 707): Unable to find callback function for signal Hangup: 1
[2019-06-20 20:26:51 $30748.0]	WARNING	swManager_check_exit_status: worker#1[pid=30760] abnormal exit, status=255, signal=0
[2019-06-20 20:31:31 $30748.0]	WARNING	swManager_check_exit_status: worker#1[pid=30940] abnormal exit, status=255, signal=0
